<?xml version="1.0" encoding="UTF-8"?>
<!-- Generated by org.testng.reporters.JUnitXMLReporter -->
<testsuite ignored="0" hostname="DESKTOP-UOBQJ46" failures="0" tests="2" name="Default test" time="25.03" errors="0" timestamp="30 Sep 2024 00:45:27 GMT">
  <testcase classname="framework.EndToEndGeneralStoreTest" name="@BeforeMethod preSetUp" time="0.062">
    <failure type="org.openqa.selenium.UnsupportedCommandException" message="Unknown mobile command &amp;quot;intent&amp;quot;. Only shell,execEmuConsoleCommand,startLogsBroadcast,stopLogsBroadcast,changePermissions,getPermissions,performEditorAction,getDeviceTime,startScreenStreaming,stopScreenStreaming,getNotifications,listSms,pushFile,pullFile,pullFolder,deleteFile,isAppInstalled,queryAppState,activateApp,removeApp,terminateApp,installApp,clearApp,startService,stopService,startActivity,broadcast,getContexts,lock,unlock,isLocked,refreshGpsCache,startMediaProjectionRecording,isMediaProjectionRecordingRunning,stopMediaProjectionRecording,getConnectivity,setConnectivity,hideKeyboard,isKeyboardShown,deviceidle,bluetooth,nfc,setUiMode,getUiMode,injectEmulatorCameraImage,sendTrimMemory,getPerformanceData,getPerformanceDataTypes,toggleGps,isGpsEnabled,getDisplayDensity,getSystemBars,statusBar,fingerprint,sendSms,gsmCall,gsmSignal,gsmVoice,powerAc,powerCapacity,networkSpeed,sensorSet,getCurrentActivity,getCurrentPackage,dragGesture,flingGesture,doubleClickGesture,clickGesture,longClickGesture,pinchCloseGesture,pinchOpenGesture,swipeGesture,scrollGesture,scrollBackTo,scroll,viewportScreenshot,viewportRect,deepLink,acceptAlert,dismissAlert,batteryInfo,deviceInfo,openNotifications,type,replaceElementValue,getAppStrings,installMultipleApks,backgroundApp,pressKey,screenshots,scheduleAction,getActionHistory,unscheduleAction,setClipboard,getClipboard commands are supported.
Build info: version: &amp;apos;4.25.0&amp;apos;, revision: &amp;apos;8a8aea2337&amp;apos;
System info: os.name: &amp;apos;Windows 11&amp;apos;, os.arch: &amp;apos;amd64&amp;apos;, os.version: &amp;apos;10.0&amp;apos;, java.version: &amp;apos;17.0.11&amp;apos;
Driver info: io.appium.java_client.android.AndroidDriver
Command: [cedea6a3-5dec-437a-89ec-9c967611411c, executeScript {args=[{com.androidsample.generalstore=com.androidsample.generalstore.MainActivity}], script=mobile: intent}]
Capabilities {appium:app: D:\Sakshi\MobileTestingApks..., appium:appPackage: com.androidsample.generalstore, appium:automationName: UIAutomator2, appium:chromedriverExecutable: C:\Users\DELL\Downloads\chr..., appium:databaseEnabled: false, appium:desired: {app: D:\Sakshi\MobileTestingApks..., automationName: UIAutomator2, chromedriverExecutable: C:\Users\DELL\Downloads\chr..., deviceName: Sakshiemulator, platformName: ANDROID}, appium:deviceApiLevel: 35, appium:deviceManufacturer: Google, appium:deviceModel: sdk_gphone64_x86_64, appium:deviceName: emulator-5554, appium:deviceScreenDensity: 440, appium:deviceScreenSize: 1080x2220, appium:deviceUDID: emulator-5554, appium:javascriptEnabled: true, appium:locationContextEnabled: false, appium:networkConnectionEnabled: true, appium:pixelRatio: 2.75, appium:platformVersion: 15, appium:statBarHeight: 66, appium:takesScreenshot: true, appium:viewportRect: {height: 2154, left: 0, top: 66, width: 1080}, appium:warnings: {}, appium:webStorageEnabled: false, platformName: ANDROID}
Session ID: cedea6a3-5dec-437a-89ec-9c967611411c">
      <![CDATA[org.openqa.selenium.UnsupportedCommandException: Unknown mobile command "intent". Only shell,execEmuConsoleCommand,startLogsBroadcast,stopLogsBroadcast,changePermissions,getPermissions,performEditorAction,getDeviceTime,startScreenStreaming,stopScreenStreaming,getNotifications,listSms,pushFile,pullFile,pullFolder,deleteFile,isAppInstalled,queryAppState,activateApp,removeApp,terminateApp,installApp,clearApp,startService,stopService,startActivity,broadcast,getContexts,lock,unlock,isLocked,refreshGpsCache,startMediaProjectionRecording,isMediaProjectionRecordingRunning,stopMediaProjectionRecording,getConnectivity,setConnectivity,hideKeyboard,isKeyboardShown,deviceidle,bluetooth,nfc,setUiMode,getUiMode,injectEmulatorCameraImage,sendTrimMemory,getPerformanceData,getPerformanceDataTypes,toggleGps,isGpsEnabled,getDisplayDensity,getSystemBars,statusBar,fingerprint,sendSms,gsmCall,gsmSignal,gsmVoice,powerAc,powerCapacity,networkSpeed,sensorSet,getCurrentActivity,getCurrentPackage,dragGesture,flingGesture,doubleClickGesture,clickGesture,longClickGesture,pinchCloseGesture,pinchOpenGesture,swipeGesture,scrollGesture,scrollBackTo,scroll,viewportScreenshot,viewportRect,deepLink,acceptAlert,dismissAlert,batteryInfo,deviceInfo,openNotifications,type,replaceElementValue,getAppStrings,installMultipleApks,backgroundApp,pressKey,screenshots,scheduleAction,getActionHistory,unscheduleAction,setClipboard,getClipboard commands are supported.
Build info: version: '4.25.0', revision: '8a8aea2337'
System info: os.name: 'Windows 11', os.arch: 'amd64', os.version: '10.0', java.version: '17.0.11'
Driver info: io.appium.java_client.android.AndroidDriver
Command: [cedea6a3-5dec-437a-89ec-9c967611411c, executeScript {args=[{com.androidsample.generalstore=com.androidsample.generalstore.MainActivity}], script=mobile: intent}]
Capabilities {appium:app: D:\Sakshi\MobileTestingApks..., appium:appPackage: com.androidsample.generalstore, appium:automationName: UIAutomator2, appium:chromedriverExecutable: C:\Users\DELL\Downloads\chr..., appium:databaseEnabled: false, appium:desired: {app: D:\Sakshi\MobileTestingApks..., automationName: UIAutomator2, chromedriverExecutable: C:\Users\DELL\Downloads\chr..., deviceName: Sakshiemulator, platformName: ANDROID}, appium:deviceApiLevel: 35, appium:deviceManufacturer: Google, appium:deviceModel: sdk_gphone64_x86_64, appium:deviceName: emulator-5554, appium:deviceScreenDensity: 440, appium:deviceScreenSize: 1080x2220, appium:deviceUDID: emulator-5554, appium:javascriptEnabled: true, appium:locationContextEnabled: false, appium:networkConnectionEnabled: true, appium:pixelRatio: 2.75, appium:platformVersion: 15, appium:statBarHeight: 66, appium:takesScreenshot: true, appium:viewportRect: {height: 2154, left: 0, top: 66, width: 1080}, appium:warnings: {}, appium:webStorageEnabled: false, platformName: ANDROID}
Session ID: cedea6a3-5dec-437a-89ec-9c967611411c
at java.base/jdk.internal.reflect.NativeConstructorAccessorImpl.newInstance0(Native Method)
at java.base/jdk.internal.reflect.NativeConstructorAccessorImpl.newInstance(NativeConstructorAccessorImpl.java:77)
at java.base/jdk.internal.reflect.DelegatingConstructorAccessorImpl.newInstance(DelegatingConstructorAccessorImpl.java:45)
at java.base/java.lang.reflect.Constructor.newInstanceWithCaller(Constructor.java:499)
at java.base/java.lang.reflect.Constructor.newInstance(Constructor.java:480)
at org.openqa.selenium.remote.ErrorCodec.decode(ErrorCodec.java:167)
at org.openqa.selenium.remote.codec.w3c.W3CHttpResponseCodec.decode(W3CHttpResponseCodec.java:138)
at org.openqa.selenium.remote.codec.w3c.W3CHttpResponseCodec.decode(W3CHttpResponseCodec.java:50)
at org.openqa.selenium.remote.HttpCommandExecutor.execute(HttpCommandExecutor.java:190)
at io.appium.java_client.remote.AppiumCommandExecutor.execute(AppiumCommandExecutor.java:237)
at org.openqa.selenium.remote.RemoteWebDriver.execute(RemoteWebDriver.java:545)
at org.openqa.selenium.remote.RemoteWebDriver.executeScript(RemoteWebDriver.java:476)
at framework.EndToEndGeneralStoreTest.preSetUp(EndToEndGeneralStoreTest.java:57)
at java.base/jdk.internal.reflect.NativeMethodAccessorImpl.invoke0(Native Method)
at java.base/jdk.internal.reflect.NativeMethodAccessorImpl.invoke(NativeMethodAccessorImpl.java:77)
at java.base/jdk.internal.reflect.DelegatingMethodAccessorImpl.invoke(DelegatingMethodAccessorImpl.java:43)
at java.base/java.lang.reflect.Method.invoke(Method.java:568)
at org.testng.internal.MethodInvocationHelper.invokeMethod(MethodInvocationHelper.java:124)
at org.testng.internal.MethodInvocationHelper.invokeMethodConsideringTimeout(MethodInvocationHelper.java:59)
at org.testng.internal.Invoker.invokeConfigurationMethod(Invoker.java:458)
at org.testng.internal.Invoker.invokeConfigurations(Invoker.java:222)
at org.testng.internal.Invoker.invokeMethod(Invoker.java:523)
at org.testng.internal.Invoker.invokeTestMethod(Invoker.java:719)
at org.testng.internal.Invoker.invokeTestMethods(Invoker.java:989)
at org.testng.internal.TestMethodWorker.invokeTestMethods(TestMethodWorker.java:125)
at org.testng.internal.TestMethodWorker.run(TestMethodWorker.java:109)
at org.testng.TestRunner.privateRun(TestRunner.java:648)
at org.testng.TestRunner.run(TestRunner.java:505)
at org.testng.SuiteRunner.runTest(SuiteRunner.java:455)
at org.testng.SuiteRunner.runSequentially(SuiteRunner.java:450)
at org.testng.SuiteRunner.privateRun(SuiteRunner.java:415)
at org.testng.SuiteRunner.run(SuiteRunner.java:364)
at org.testng.SuiteRunnerWorker.runSuite(SuiteRunnerWorker.java:52)
at org.testng.SuiteRunnerWorker.run(SuiteRunnerWorker.java:84)
at org.testng.TestNG.runSuitesSequentially(TestNG.java:1208)
at org.testng.TestNG.runSuitesLocally(TestNG.java:1137)
at org.testng.TestNG.runSuites(TestNG.java:1049)
at org.testng.TestNG.run(TestNG.java:1017)
at org.testng.remote.AbstractRemoteTestNG.run(AbstractRemoteTestNG.java:115)
at org.testng.remote.RemoteTestNG.initAndRun(RemoteTestNG.java:293)
at org.testng.remote.RemoteTestNG.main(RemoteTestNG.java:91)
]]>
    </failure>
  </testcase> <!-- @BeforeMethod preSetUp -->
  <testcase classname="framework.EndToEndGeneralStoreTest" name="@BeforeMethod preSetUp" time="0.0">
    <skipped/>
  </testcase> <!-- @BeforeMethod preSetUp -->
  <testcase classname="framework.TestBase" name="@AfterClass tearDown" time="0.0">
    <skipped/>
  </testcase> <!-- @AfterClass tearDown -->
  <testcase classname="framework.EndToEndGeneralStoreTest" name="hybridAppTest" time="0.0">
    <skipped/>
  </testcase> <!-- hybridAppTest -->
  <testcase classname="framework.EndToEndGeneralStoreTest" name="hybridAppTest" time="0.0">
    <skipped/>
  </testcase> <!-- hybridAppTest -->
</testsuite> <!-- Default test -->
