<?xml version="1.0" encoding="UTF-8"?>
<testng-results ignored="0" total="1" passed="1" failed="0" skipped="0">
  <reporter-output>
  </reporter-output>
  <suite started-at="2024-09-27T00:18:48Z" name="Default suite" finished-at="2024-09-27T00:19:43Z" duration-ms="54688">
    <groups>
    </groups>
    <test started-at="2024-09-27T00:18:48Z" name="Default test" finished-at="2024-09-27T00:19:43Z" duration-ms="54688">
      <class name="MobileTesting.Appium.ECommerce_TC_2">
        <test-method is-config="true" signature="configureAppium()[pri:0, instance:MobileTesting.Appium.ECommerce_TC_2@38b27cdc]" started-at="2024-09-27T00:18:48Z" name="configureAppium" finished-at="2024-09-27T00:19:10Z" duration-ms="21678" status="PASS">
          <reporter-output>
          </reporter-output>
        </test-method> <!-- configureAppium -->
        <test-method signature="searchProduct()[pri:0, instance:MobileTesting.Appium.ECommerce_TC_2@38b27cdc]" started-at="2024-09-27T00:19:10Z" name="searchProduct" finished-at="2024-09-27T00:19:42Z" duration-ms="31916" status="PASS">
          <reporter-output>
          </reporter-output>
        </test-method> <!-- searchProduct -->
        <test-method is-config="true" signature="tearDown()[pri:0, instance:MobileTesting.Appium.ECommerce_TC_2@38b27cdc]" started-at="2024-09-27T00:19:42Z" name="tearDown" finished-at="2024-09-27T00:19:43Z" duration-ms="1058" status="PASS">
          <reporter-output>
          </reporter-output>
        </test-method> <!-- tearDown -->
      </class> <!-- MobileTesting.Appium.ECommerce_TC_2 -->
    </test> <!-- Default test -->
  </suite> <!-- Default suite -->
</testng-results>
