<?xml version="1.0" encoding="UTF-8"?>
<testng-results ignored="0" total="1" passed="1" failed="0" skipped="0">
  <reporter-output>
  </reporter-output>
  <suite started-at="2024-09-28T06:15:56Z" name="Default suite" finished-at="2024-09-28T06:17:54Z" duration-ms="118698">
    <groups>
    </groups>
    <test started-at="2024-09-28T06:15:56Z" name="Default test" finished-at="2024-09-28T06:17:54Z" duration-ms="118698">
      <class name="framework.EndToEndGeneralStoreTest">
        <test-method is-config="true" signature="configureAppium()[pri:0, instance:framework.EndToEndGeneralStoreTest@49c66ade]" started-at="2024-09-28T06:15:56Z" name="configureAppium" finished-at="2024-09-28T06:16:48Z" duration-ms="52084" status="PASS">
          <reporter-output>
          </reporter-output>
        </test-method> <!-- configureAppium -->
        <test-method signature="hybridAppTest()[pri:0, instance:framework.EndToEndGeneralStoreTest@49c66ade]" started-at="2024-09-28T06:16:48Z" name="hybridAppTest" finished-at="2024-09-28T06:17:52Z" duration-ms="63963" status="PASS">
          <reporter-output>
          </reporter-output>
        </test-method> <!-- hybridAppTest -->
        <test-method is-config="true" signature="tearDown()[pri:0, instance:framework.EndToEndGeneralStoreTest@49c66ade]" started-at="2024-09-28T06:17:52Z" name="tearDown" finished-at="2024-09-28T06:17:54Z" duration-ms="2577" status="PASS">
          <reporter-output>
          </reporter-output>
        </test-method> <!-- tearDown -->
      </class> <!-- framework.EndToEndGeneralStoreTest -->
    </test> <!-- Default test -->
  </suite> <!-- Default suite -->
</testng-results>
