<?xml version="1.0" encoding="UTF-8"?>
<testng-results ignored="0" total="1" passed="0" failed="1" skipped="0">
  <reporter-output>
  </reporter-output>
  <suite started-at="2024-09-19T19:47:02Z" name="Default suite" finished-at="2024-09-19T19:47:28Z" duration-ms="25359">
    <groups>
    </groups>
    <test started-at="2024-09-19T19:47:02Z" name="Default test" finished-at="2024-09-19T19:47:28Z" duration-ms="25359">
      <class name="MobileTesting.Appium.AppiumBasics">
        <test-method signature="AppiumTest()[pri:0, instance:MobileTesting.Appium.AppiumBasics@6bc407fd]" started-at="2024-09-19T19:47:02Z" name="AppiumTest" finished-at="2024-09-19T19:47:28Z" duration-ms="25341" status="FAIL">
          <exception class="org.openqa.selenium.SessionNotCreatedException">
            <message>
              <![CDATA[Could not start a new session. Response code 500. Message: An unknown server-side error occurred while processing the command. Original error: Could not find a connected Android device in 20000ms 
Host info: host: 'DESKTOP-UOBQJ46', ip: '192.168.29.83'
Build info: version: '4.24.0', revision: '748ffc9bc3'
System info: os.name: 'Windows 11', os.arch: 'amd64', os.version: '10.0', java.version: '17.0.11'
Driver info: io.appium.java_client.android.AndroidDriver
Command: [null, newSession {capabilities=[Capabilities {appium:app: C:\Users\DELL\Sakshi\Mobile..., appium:automationName: UIAutomator2, appium:deviceName: Sakshiemulator, platformName: ANDROID}]}]
Capabilities {appium:app: C:\Users\DELL\Sakshi\Mobile..., appium:automationName: UIAutomator2, appium:deviceName: Sakshiemulator, platformName: ANDROID}]]>
            </message>
            <full-stacktrace>
              <![CDATA[org.openqa.selenium.SessionNotCreatedException: Could not start a new session. Response code 500. Message: An unknown server-side error occurred while processing the command. Original error: Could not find a connected Android device in 20000ms 
Host info: host: 'DESKTOP-UOBQJ46', ip: '192.168.29.83'
Build info: version: '4.24.0', revision: '748ffc9bc3'
System info: os.name: 'Windows 11', os.arch: 'amd64', os.version: '10.0', java.version: '17.0.11'
Driver info: io.appium.java_client.android.AndroidDriver
Command: [null, newSession {capabilities=[Capabilities {appium:app: C:\Users\DELL\Sakshi\Mobile..., appium:automationName: UIAutomator2, appium:deviceName: Sakshiemulator, platformName: ANDROID}]}]
Capabilities {appium:app: C:\Users\DELL\Sakshi\Mobile..., appium:automationName: UIAutomator2, appium:deviceName: Sakshiemulator, platformName: ANDROID}
at org.openqa.selenium.remote.ProtocolHandshake.createSession(ProtocolHandshake.java:114)
at org.openqa.selenium.remote.ProtocolHandshake.createSession(ProtocolHandshake.java:75)
at org.openqa.selenium.remote.ProtocolHandshake.createSession(ProtocolHandshake.java:61)
at io.appium.java_client.remote.AppiumCommandExecutor.createSession(AppiumCommandExecutor.java:176)
at io.appium.java_client.remote.AppiumCommandExecutor.execute(AppiumCommandExecutor.java:237)
at org.openqa.selenium.remote.RemoteWebDriver.execute(RemoteWebDriver.java:545)
at io.appium.java_client.AppiumDriver.startSession(AppiumDriver.java:270)
at org.openqa.selenium.remote.RemoteWebDriver.<init>(RemoteWebDriver.java:174)
at io.appium.java_client.AppiumDriver.<init>(AppiumDriver.java:91)
at io.appium.java_client.AppiumDriver.<init>(AppiumDriver.java:103)
at io.appium.java_client.android.AndroidDriver.<init>(AndroidDriver.java:109)
at MobileTesting.Appium.AppiumBasics.AppiumTest(AppiumBasics.java:21)
at java.base/jdk.internal.reflect.NativeMethodAccessorImpl.invoke0(Native Method)
at java.base/jdk.internal.reflect.NativeMethodAccessorImpl.invoke(NativeMethodAccessorImpl.java:77)
at java.base/jdk.internal.reflect.DelegatingMethodAccessorImpl.invoke(DelegatingMethodAccessorImpl.java:43)
at java.base/java.lang.reflect.Method.invoke(Method.java:568)
at org.testng.internal.MethodInvocationHelper.invokeMethod(MethodInvocationHelper.java:124)
at org.testng.internal.Invoker.invokeMethod(Invoker.java:583)
at org.testng.internal.Invoker.invokeTestMethod(Invoker.java:719)
at org.testng.internal.Invoker.invokeTestMethods(Invoker.java:989)
at org.testng.internal.TestMethodWorker.invokeTestMethods(TestMethodWorker.java:125)
at org.testng.internal.TestMethodWorker.run(TestMethodWorker.java:109)
at org.testng.TestRunner.privateRun(TestRunner.java:648)
at org.testng.TestRunner.run(TestRunner.java:505)
at org.testng.SuiteRunner.runTest(SuiteRunner.java:455)
at org.testng.SuiteRunner.runSequentially(SuiteRunner.java:450)
at org.testng.SuiteRunner.privateRun(SuiteRunner.java:415)
at org.testng.SuiteRunner.run(SuiteRunner.java:364)
at org.testng.SuiteRunnerWorker.runSuite(SuiteRunnerWorker.java:52)
at org.testng.SuiteRunnerWorker.run(SuiteRunnerWorker.java:84)
at org.testng.TestNG.runSuitesSequentially(TestNG.java:1208)
at org.testng.TestNG.runSuitesLocally(TestNG.java:1137)
at org.testng.TestNG.runSuites(TestNG.java:1049)
at org.testng.TestNG.run(TestNG.java:1017)
at org.testng.remote.AbstractRemoteTestNG.run(AbstractRemoteTestNG.java:115)
at org.testng.remote.RemoteTestNG.initAndRun(RemoteTestNG.java:293)
at org.testng.remote.RemoteTestNG.main(RemoteTestNG.java:91)
]]>
            </full-stacktrace>
          </exception> <!-- org.openqa.selenium.SessionNotCreatedException -->
          <reporter-output>
          </reporter-output>
        </test-method> <!-- AppiumTest -->
      </class> <!-- MobileTesting.Appium.AppiumBasics -->
    </test> <!-- Default test -->
  </suite> <!-- Default suite -->
</testng-results>
