<?xml version="1.0" encoding="UTF-8"?>
<testng-results ignored="0" total="1" passed="1" failed="0" skipped="0">
  <reporter-output>
  </reporter-output>
  <suite started-at="2024-09-27T19:40:22Z" name="Default suite" finished-at="2024-09-27T19:41:21Z" duration-ms="58893">
    <groups>
    </groups>
    <test started-at="2024-09-27T19:40:22Z" name="Default test" finished-at="2024-09-27T19:41:21Z" duration-ms="58893">
      <class name="MobileTesting.Appium.MobileBrowserTest">
        <test-method is-config="true" signature="configureAppium()[pri:0, instance:MobileTesting.Appium.MobileBrowserTest@c7ba306]" started-at="2024-09-27T19:40:22Z" name="configureAppium" finished-at="2024-09-27T19:41:09Z" duration-ms="46610" status="PASS">
          <reporter-output>
          </reporter-output>
        </test-method> <!-- configureAppium -->
        <test-method signature="browserTest()[pri:0, instance:MobileTesting.Appium.MobileBrowserTest@c7ba306]" started-at="2024-09-27T19:41:09Z" name="browserTest" finished-at="2024-09-27T19:41:19Z" duration-ms="10465" status="PASS">
          <reporter-output>
          </reporter-output>
        </test-method> <!-- browserTest -->
        <test-method is-config="true" signature="tearDown()[pri:0, instance:MobileTesting.Appium.MobileBrowserTest@c7ba306]" started-at="2024-09-27T19:41:19Z" name="tearDown" finished-at="2024-09-27T19:41:21Z" duration-ms="1725" status="PASS">
          <reporter-output>
          </reporter-output>
        </test-method> <!-- tearDown -->
      </class> <!-- MobileTesting.Appium.MobileBrowserTest -->
    </test> <!-- Default test -->
  </suite> <!-- Default suite -->
</testng-results>
