<?xml version="1.0" encoding="UTF-8"?>
<testng-results ignored="0" total="1" passed="1" failed="0" skipped="0">
  <reporter-output>
  </reporter-output>
  <suite started-at="2024-09-23T03:12:38Z" name="Default suite" finished-at="2024-09-23T03:13:10Z" duration-ms="31644">
    <groups>
    </groups>
    <test started-at="2024-09-23T03:12:38Z" name="Default test" finished-at="2024-09-23T03:13:10Z" duration-ms="31644">
      <class name="MobileTesting.Appium.DragAndDropDemo">
        <test-method is-config="true" signature="configureAppium()[pri:0, instance:MobileTesting.Appium.DragAndDropDemo@38b27cdc]" started-at="2024-09-23T03:12:38Z" name="configureAppium" finished-at="2024-09-23T03:12:59Z" duration-ms="21006" status="PASS">
          <reporter-output>
          </reporter-output>
        </test-method> <!-- configureAppium -->
        <test-method signature="swipeDemoTest()[pri:0, instance:MobileTesting.Appium.DragAndDropDemo@38b27cdc]" started-at="2024-09-23T03:12:59Z" name="swipeDemoTest" finished-at="2024-09-23T03:13:09Z" duration-ms="9543" status="PASS">
          <reporter-output>
          </reporter-output>
        </test-method> <!-- swipeDemoTest -->
        <test-method is-config="true" signature="tearDown()[pri:0, instance:MobileTesting.Appium.DragAndDropDemo@38b27cdc]" started-at="2024-09-23T03:13:09Z" name="tearDown" finished-at="2024-09-23T03:13:10Z" duration-ms="1057" status="PASS">
          <reporter-output>
          </reporter-output>
        </test-method> <!-- tearDown -->
      </class> <!-- MobileTesting.Appium.DragAndDropDemo -->
    </test> <!-- Default test -->
  </suite> <!-- Default suite -->
</testng-results>
