<?xml version="1.0" encoding="UTF-8"?>
<testng-results ignored="0" total="1" passed="1" failed="0" skipped="0">
  <reporter-output>
  </reporter-output>
  <suite started-at="2024-09-21T06:49:30Z" name="Default suite" finished-at="2024-09-21T06:50:12Z" duration-ms="42568">
    <groups>
    </groups>
    <test started-at="2024-09-21T06:49:30Z" name="Default test" finished-at="2024-09-21T06:50:12Z" duration-ms="42568">
      <class name="MobileTesting.Appium.LongPress">
        <test-method is-config="true" signature="configureAppium()[pri:0, instance:MobileTesting.Appium.LongPress@6d167f58]" started-at="2024-09-21T06:49:30Z" name="configureAppium" finished-at="2024-09-21T06:49:54Z" duration-ms="24280" status="PASS">
          <reporter-output>
          </reporter-output>
        </test-method> <!-- configureAppium -->
        <test-method signature="LongPressGesture()[pri:0, instance:MobileTesting.Appium.LongPress@6d167f58]" started-at="2024-09-21T06:49:54Z" name="LongPressGesture" finished-at="2024-09-21T06:50:11Z" duration-ms="16925" status="PASS">
          <reporter-output>
          </reporter-output>
        </test-method> <!-- LongPressGesture -->
        <test-method is-config="true" signature="tearDown()[pri:0, instance:MobileTesting.Appium.LongPress@6d167f58]" started-at="2024-09-21T06:50:11Z" name="tearDown" finished-at="2024-09-21T06:50:12Z" duration-ms="1328" status="PASS">
          <reporter-output>
          </reporter-output>
        </test-method> <!-- tearDown -->
      </class> <!-- MobileTesting.Appium.LongPress -->
    </test> <!-- Default test -->
  </suite> <!-- Default suite -->
</testng-results>
