<?xml version="1.0" encoding="UTF-8"?>
<testng-results ignored="0" total="1" passed="1" failed="0" skipped="0">
  <reporter-output>
  </reporter-output>
  <suite started-at="2024-09-23T01:21:05Z" name="Default suite" finished-at="2024-09-23T01:21:42Z" duration-ms="36727">
    <groups>
    </groups>
    <test started-at="2024-09-23T01:21:05Z" name="Default test" finished-at="2024-09-23T01:21:42Z" duration-ms="36727">
      <class name="MobileTesting.Appium.SwipeDemo">
        <test-method is-config="true" signature="configureAppium()[pri:0, instance:MobileTesting.Appium.SwipeDemo@54504ecd]" started-at="2024-09-23T01:21:05Z" name="configureAppium" finished-at="2024-09-23T01:21:29Z" duration-ms="24070" status="PASS">
          <reporter-output>
          </reporter-output>
        </test-method> <!-- configureAppium -->
        <test-method signature="swipeDemoTest()[pri:0, instance:MobileTesting.Appium.SwipeDemo@54504ecd]" started-at="2024-09-23T01:21:29Z" name="swipeDemoTest" finished-at="2024-09-23T01:21:41Z" duration-ms="11734" status="PASS">
          <reporter-output>
          </reporter-output>
        </test-method> <!-- swipeDemoTest -->
        <test-method is-config="true" signature="tearDown()[pri:0, instance:MobileTesting.Appium.SwipeDemo@54504ecd]" started-at="2024-09-23T01:21:41Z" name="tearDown" finished-at="2024-09-23T01:21:42Z" duration-ms="880" status="PASS">
          <reporter-output>
          </reporter-output>
        </test-method> <!-- tearDown -->
      </class> <!-- MobileTesting.Appium.SwipeDemo -->
    </test> <!-- Default test -->
  </suite> <!-- Default suite -->
</testng-results>
