<?xml version="1.0" encoding="UTF-8"?>
<testng-results ignored="0" total="1" passed="1" failed="0" skipped="0">
  <reporter-output>
  </reporter-output>
  <suite started-at="2024-09-20T16:14:05Z" name="Default suite" finished-at="2024-09-20T16:14:22Z" duration-ms="17101">
    <groups>
    </groups>
    <test started-at="2024-09-20T16:14:05Z" name="Default test" finished-at="2024-09-20T16:14:22Z" duration-ms="17101">
      <class name="MobileTesting.Appium.AppiumBasics">
        <test-method signature="AppiumTest()[pri:0, instance:MobileTesting.Appium.AppiumBasics@6bc407fd]" started-at="2024-09-20T16:14:05Z" name="AppiumTest" finished-at="2024-09-20T16:14:22Z" duration-ms="17077" status="PASS">
          <reporter-output>
          </reporter-output>
        </test-method> <!-- AppiumTest -->
      </class> <!-- MobileTesting.Appium.AppiumBasics -->
    </test> <!-- Default test -->
  </suite> <!-- Default suite -->
</testng-results>
